<?xml version="1.0" encoding="UTF-8"?>
<!-- Generated by org.testng.reporters.JUnitReportReporter -->
<testsuite hostname="DESKTOP-SGV8PKT" failures="0" tests="1" name="MyFirstTest.Test1" time="10.767" errors="0" timestamp="2024-07-25T20:52:10 EET" skipped="0">
  <testcase classname="MyFirstTest.Test1" name="test1" time="10.767"/>
  <system-out/>
</testsuite> <!-- MyFirstTest.Test1 -->
